16:47:05 **** Build of configuration Nios II for project ubuntu_controller_bsp ****
make all 
[BSP build complete]
16:48:01 **** Build of configuration Nios II for project ubuntu_controller ****
make all 
Info: Building ../ubuntu_controller_bsp/
make --no-print-directory -C ../ubuntu_controller_bsp/
[BSP build complete]
Info: Compiling hello_world.c to obj/default/hello_world.o
nios2-elf-gcc -xc -MP -MMD -c -I../ubuntu_controller_bsp//HAL/inc -I../ubuntu_controller_bsp/ -I../ubuntu_controller_bsp//drivers/inc -pipe -D__hal__ -DALT_NO_INSTRUCTION_EMULATION -DALT_SINGLE_THREADED    -O0 -g -Wall  -mno-hw-div -mno-hw-mul -mno-hw-mulx -mgpopt=global  -o obj/default/hello_world.o hello_world.c
hello_world.c: In function 'write_7seg':
hello_world.c:136:11: warning: format '%d' expects argument of type 'int', but argument 2 has type 'alt_u32' {aka 'long unsigned int'} [-Wformat=]
  136 |  printf("%d %c\n", output >> 23, output >> 23);
      |          ~^        ~~~~~~~~~~~~
      |           |               |
      |           int             alt_u32 {aka long unsigned int}
      |          %ld
hello_world.c:136:14: warning: format '%c' expects argument of type 'int', but argument 3 has type 'alt_u32' {aka 'long unsigned int'} [-Wformat=]
  136 |  printf("%d %c\n", output >> 23, output >> 23);
      |             ~^                   ~~~~~~~~~~~~
      |              |                          |
      |              int                        alt_u32 {aka long unsigned int}
      |             %ld
Info: Linking ubuntu_controller.elf
nios2-elf-g++ -T'../ubuntu_controller_bsp//linker.x' -msys-crt0='../ubuntu_controller_bsp//obj/HAL/src/crt0.o' -msys-lib=hal_bsp -L../ubuntu_controller_bsp/   -Wl,-Map=ubuntu_controller.map   -O0 -g -Wall  -mno-hw-div -mno-hw-mul -mno-hw-mulx -mgpopt=global  -o ubuntu_controller.elf obj/default/hello_world.o -lm -msys-lib=m
nios2-elf-insert ubuntu_controller.elf --thread_model hal --cpu_name cpu --qsys true --simulation_enabled false --id 3149642683 --sidp 0x410a0 --timestamp 1679501745 --stderr_dev jtag_uart --stdin_dev jtag_uart --stdout_dev jtag_uart --sopc_system_name nios_controller_final --quartus_project_dir "/home/nik/eie/ip/information-not-processing/Eclipse" --sopcinfo /home/nik/eie/ip/information-not-processing/Eclipse/ubuntu_controller_bsp/../nios_controller_final.sopcinfo
Picked up JAVA_TOOL_OPTIONS: -Dsun.java2d.uiScale=2
Info: (ubuntu_controller.elf) 73 KBytes program size (code + initialized data).
Info:                         47 KBytes free for stack + heap.
Info: Creating ubuntu_controller.objdump
nios2-elf-objdump --disassemble --syms --all-header --source ubuntu_controller.elf >ubuntu_controller.objdump
[ubuntu_controller build complete]
16:48:03 **** Incremental Build of configuration Nios II for project ubuntu_controller_bsp ****
make all 
[BSP build complete]
16:58:24 **** Incremental Build of configuration Nios II for project ubuntu_controller ****
make all 
Info: Building ../ubuntu_controller_bsp/
make --no-print-directory -C ../ubuntu_controller_bsp/
[BSP build complete]
Info: Compiling hello_world.c to obj/default/hello_world.o
nios2-elf-gcc -xc -MP -MMD -c -I../ubuntu_controller_bsp//HAL/inc -I../ubuntu_controller_bsp/ -I../ubuntu_controller_bsp//drivers/inc -pipe -D__hal__ -DALT_NO_INSTRUCTION_EMULATION -DALT_SINGLE_THREADED    -O0 -g -Wall  -mno-hw-div -mno-hw-mul -mno-hw-mulx -mgpopt=global  -o obj/default/hello_world.o hello_world.c
hello_world.c: In function 'main':
hello_world.c:163:9: error: conflicting types for 'score'
  163 |  alt_16 score = 123;
      |         ^~~~~
hello_world.c:146:8: note: previous definition of 'score' was here
  146 |  char* score = malloc(4);
      |        ^~~~~
hello_world.c:206:16: error: subscripted value is neither array nor pointer nor vector
  206 |           score[s] = prompt;
      |                ^
hello_world.c:210:31: warning: passing argument 1 of 'atof' makes pointer from integer without a cast [-Wint-conversion]
  210 |   write_7seg(characters, atof(score));
      |                               ^~~~~
      |                               |
      |                               alt_16 {aka short int}
In file included from hello_world.c:20:
/home/nik/intelFPGA/nios2eds/bin/gnu/H-x86_64-pc-linux-gnu/nios2-elf/include/stdlib.h:86:26: note: expected 'const char *' but argument is of type 'alt_16' {aka 'short int'}
   86 | double atof (const char *__nptr);
      |              ~~~~~~~~~~~~^~~~~~
make: *** [Makefile:721: obj/default/hello_world.o] Error 1
16:58:26 **** Incremental Build of configuration Nios II for project ubuntu_controller_bsp ****
make all 
[BSP build complete]
16:58:44 **** Incremental Build of configuration Nios II for project ubuntu_controller ****
make all 
Info: Building ../ubuntu_controller_bsp/
make --no-print-directory -C ../ubuntu_controller_bsp/
[BSP build complete]
Info: Compiling hello_world.c to obj/default/hello_world.o
nios2-elf-gcc -xc -MP -MMD -c -I../ubuntu_controller_bsp//HAL/inc -I../ubuntu_controller_bsp/ -I../ubuntu_controller_bsp//drivers/inc -pipe -D__hal__ -DALT_NO_INSTRUCTION_EMULATION -DALT_SINGLE_THREADED    -O0 -g -Wall  -mno-hw-div -mno-hw-mul -mno-hw-mulx -mgpopt=global  -o obj/default/hello_world.o hello_world.c
hello_world.c: In function 'main':
hello_world.c:163:9: error: conflicting types for 'score'
  163 |  alt_16 score = 123;
      |         ^~~~~
hello_world.c:146:8: note: previous definition of 'score' was here
  146 |  char* score = malloc(4);
      |        ^~~~~
hello_world.c:206:16: error: subscripted value is neither array nor pointer nor vector
  206 |           score[s] = prompt;
      |                ^
hello_world.c:210:31: error: invalid type argument of unary '*' (have 'int')
  210 |   write_7seg(characters, atof(*score));
      |                               ^~~~~~
make: *** [Makefile:721: obj/default/hello_world.o] Error 1
16:58:45 **** Incremental Build of configuration Nios II for project ubuntu_controller_bsp ****
make all 
[BSP build complete]
16:59:24 **** Incremental Build of configuration Nios II for project ubuntu_controller ****
make all 
Info: Building ../ubuntu_controller_bsp/
make --no-print-directory -C ../ubuntu_controller_bsp/
[BSP build complete]
Info: Compiling hello_world.c to obj/default/hello_world.o
nios2-elf-gcc -xc -MP -MMD -c -I../ubuntu_controller_bsp//HAL/inc -I../ubuntu_controller_bsp/ -I../ubuntu_controller_bsp//drivers/inc -pipe -D__hal__ -DALT_NO_INSTRUCTION_EMULATION -DALT_SINGLE_THREADED    -O0 -g -Wall  -mno-hw-div -mno-hw-mul -mno-hw-mulx -mgpopt=global  -o obj/default/hello_world.o hello_world.c
hello_world.c: In function 'main':
hello_world.c:147:9: error: 'score' undeclared (first use in this function); did you mean 'myscore'?
  147 |  strcpy(score, "0000");
      |         ^~~~~
      |         myscore
hello_world.c:147:9: note: each undeclared identifier is reported only once for each function it appears in
make: *** [Makefile:721: obj/default/hello_world.o] Error 1
16:59:26 **** Incremental Build of configuration Nios II for project ubuntu_controller_bsp ****
make all 
[BSP build complete]
16:59:42 **** Incremental Build of configuration Nios II for project ubuntu_controller ****
make all 
Info: Building ../ubuntu_controller_bsp/
make --no-print-directory -C ../ubuntu_controller_bsp/
[BSP build complete]
Info: Compiling hello_world.c to obj/default/hello_world.o
nios2-elf-gcc -xc -MP -MMD -c -I../ubuntu_controller_bsp//HAL/inc -I../ubuntu_controller_bsp/ -I../ubuntu_controller_bsp//drivers/inc -pipe -D__hal__ -DALT_NO_INSTRUCTION_EMULATION -DALT_SINGLE_THREADED    -O0 -g -Wall  -mno-hw-div -mno-hw-mul -mno-hw-mulx -mgpopt=global  -o obj/default/hello_world.o hello_world.c
Info: Linking ubuntu_controller.elf
nios2-elf-g++ -T'../ubuntu_controller_bsp//linker.x' -msys-crt0='../ubuntu_controller_bsp//obj/HAL/src/crt0.o' -msys-lib=hal_bsp -L../ubuntu_controller_bsp/   -Wl,-Map=ubuntu_controller.map   -O0 -g -Wall  -mno-hw-div -mno-hw-mul -mno-hw-mulx -mgpopt=global  -o ubuntu_controller.elf obj/default/hello_world.o -lm -msys-lib=m
nios2-elf-insert ubuntu_controller.elf --thread_model hal --cpu_name cpu --qsys true --simulation_enabled false --id 3149642683 --sidp 0x410a0 --timestamp 1679501745 --stderr_dev jtag_uart --stdin_dev jtag_uart --stdout_dev jtag_uart --sopc_system_name nios_controller_final --quartus_project_dir "/home/nik/eie/ip/information-not-processing/Eclipse" --sopcinfo /home/nik/eie/ip/information-not-processing/Eclipse/ubuntu_controller_bsp/../nios_controller_final.sopcinfo
Picked up JAVA_TOOL_OPTIONS: -Dsun.java2d.uiScale=2
Info: (ubuntu_controller.elf) 87 KBytes program size (code + initialized data).
Info:                         33 KBytes free for stack + heap.
Info: Creating ubuntu_controller.objdump
nios2-elf-objdump --disassemble --syms --all-header --source ubuntu_controller.elf >ubuntu_controller.objdump
[ubuntu_controller build complete]
16:59:44 **** Incremental Build of configuration Nios II for project ubuntu_controller_bsp ****
make all 
[BSP build complete]
17:04:26 **** Incremental Build of configuration Nios II for project ubuntu_controller ****
make all 
Info: Building ../ubuntu_controller_bsp/
make --no-print-directory -C ../ubuntu_controller_bsp/
[BSP build complete]
Info: Compiling hello_world.c to obj/default/hello_world.o
nios2-elf-gcc -xc -MP -MMD -c -I../ubuntu_controller_bsp//HAL/inc -I../ubuntu_controller_bsp/ -I../ubuntu_controller_bsp//drivers/inc -pipe -D__hal__ -DALT_NO_INSTRUCTION_EMULATION -DALT_SINGLE_THREADED    -O0 -g -Wall  -mno-hw-div -mno-hw-mul -mno-hw-mulx -mgpopt=global  -o obj/default/hello_world.o hello_world.c
Info: Linking ubuntu_controller.elf
nios2-elf-g++ -T'../ubuntu_controller_bsp//linker.x' -msys-crt0='../ubuntu_controller_bsp//obj/HAL/src/crt0.o' -msys-lib=hal_bsp -L../ubuntu_controller_bsp/   -Wl,-Map=ubuntu_controller.map   -O0 -g -Wall  -mno-hw-div -mno-hw-mul -mno-hw-mulx -mgpopt=global  -o ubuntu_controller.elf obj/default/hello_world.o -lm -msys-lib=m
nios2-elf-insert ubuntu_controller.elf --thread_model hal --cpu_name cpu --qsys true --simulation_enabled false --id 3149642683 --sidp 0x410a0 --timestamp 1679501745 --stderr_dev jtag_uart --stdin_dev jtag_uart --stdout_dev jtag_uart --sopc_system_name nios_controller_final --quartus_project_dir "/home/nik/eie/ip/information-not-processing/Eclipse" --sopcinfo /home/nik/eie/ip/information-not-processing/Eclipse/ubuntu_controller_bsp/../nios_controller_final.sopcinfo
Picked up JAVA_TOOL_OPTIONS: -Dsun.java2d.uiScale=2
Info: (ubuntu_controller.elf) 87 KBytes program size (code + initialized data).
Info:                         33 KBytes free for stack + heap.
Info: Creating ubuntu_controller.objdump
nios2-elf-objdump --disassemble --syms --all-header --source ubuntu_controller.elf >ubuntu_controller.objdump
[ubuntu_controller build complete]
17:04:28 **** Incremental Build of configuration Nios II for project ubuntu_controller_bsp ****
make all 
[BSP build complete]
17:05:23 **** Incremental Build of configuration Nios II for project ubuntu_controller ****
make all 
Info: Building ../ubuntu_controller_bsp/
make --no-print-directory -C ../ubuntu_controller_bsp/
[BSP build complete]
Info: Compiling hello_world.c to obj/default/hello_world.o
nios2-elf-gcc -xc -MP -MMD -c -I../ubuntu_controller_bsp//HAL/inc -I../ubuntu_controller_bsp/ -I../ubuntu_controller_bsp//drivers/inc -pipe -D__hal__ -DALT_NO_INSTRUCTION_EMULATION -DALT_SINGLE_THREADED    -O0 -g -Wall  -mno-hw-div -mno-hw-mul -mno-hw-mulx -mgpopt=global  -o obj/default/hello_world.o hello_world.c
Info: Linking ubuntu_controller.elf
nios2-elf-g++ -T'../ubuntu_controller_bsp//linker.x' -msys-crt0='../ubuntu_controller_bsp//obj/HAL/src/crt0.o' -msys-lib=hal_bsp -L../ubuntu_controller_bsp/   -Wl,-Map=ubuntu_controller.map   -O0 -g -Wall  -mno-hw-div -mno-hw-mul -mno-hw-mulx -mgpopt=global  -o ubuntu_controller.elf obj/default/hello_world.o -lm -msys-lib=m
nios2-elf-insert ubuntu_controller.elf --thread_model hal --cpu_name cpu --qsys true --simulation_enabled false --id 3149642683 --sidp 0x410a0 --timestamp 1679501745 --stderr_dev jtag_uart --stdin_dev jtag_uart --stdout_dev jtag_uart --sopc_system_name nios_controller_final --quartus_project_dir "/home/nik/eie/ip/information-not-processing/Eclipse" --sopcinfo /home/nik/eie/ip/information-not-processing/Eclipse/ubuntu_controller_bsp/../nios_controller_final.sopcinfo
Picked up JAVA_TOOL_OPTIONS: -Dsun.java2d.uiScale=2
Info: (ubuntu_controller.elf) 87 KBytes program size (code + initialized data).
Info:                         33 KBytes free for stack + heap.
Info: Creating ubuntu_controller.objdump
nios2-elf-objdump --disassemble --syms --all-header --source ubuntu_controller.elf >ubuntu_controller.objdump
[ubuntu_controller build complete]
17:05:25 **** Incremental Build of configuration Nios II for project ubuntu_controller_bsp ****
make all 
[BSP build complete]
17:06:16 **** Incremental Build of configuration Nios II for project ubuntu_controller ****
make all 
Info: Building ../ubuntu_controller_bsp/
make --no-print-directory -C ../ubuntu_controller_bsp/
[BSP build complete]
Info: Compiling hello_world.c to obj/default/hello_world.o
nios2-elf-gcc -xc -MP -MMD -c -I../ubuntu_controller_bsp//HAL/inc -I../ubuntu_controller_bsp/ -I../ubuntu_controller_bsp//drivers/inc -pipe -D__hal__ -DALT_NO_INSTRUCTION_EMULATION -DALT_SINGLE_THREADED    -O0 -g -Wall  -mno-hw-div -mno-hw-mul -mno-hw-mulx -mgpopt=global  -o obj/default/hello_world.o hello_world.c
hello_world.c: In function 'main':
hello_world.c:143:7: warning: unused variable 'prompt' [-Wunused-variable]
  143 |  char prompt;
      |       ^~~~~~
hello_world.c:141:8: warning: variable 'fp' set but not used [-Wunused-but-set-variable]
  141 |  FILE* fp;
      |        ^~
Info: Linking ubuntu_controller.elf
nios2-elf-g++ -T'../ubuntu_controller_bsp//linker.x' -msys-crt0='../ubuntu_controller_bsp//obj/HAL/src/crt0.o' -msys-lib=hal_bsp -L../ubuntu_controller_bsp/   -Wl,-Map=ubuntu_controller.map   -O0 -g -Wall  -mno-hw-div -mno-hw-mul -mno-hw-mulx -mgpopt=global  -o ubuntu_controller.elf obj/default/hello_world.o -lm -msys-lib=m
nios2-elf-insert ubuntu_controller.elf --thread_model hal --cpu_name cpu --qsys true --simulation_enabled false --id 3149642683 --sidp 0x410a0 --timestamp 1679501745 --stderr_dev jtag_uart --stdin_dev jtag_uart --stdout_dev jtag_uart --sopc_system_name nios_controller_final --quartus_project_dir "/home/nik/eie/ip/information-not-processing/Eclipse" --sopcinfo /home/nik/eie/ip/information-not-processing/Eclipse/ubuntu_controller_bsp/../nios_controller_final.sopcinfo
Picked up JAVA_TOOL_OPTIONS: -Dsun.java2d.uiScale=2
Info: (ubuntu_controller.elf) 86 KBytes program size (code + initialized data).
Info:                         34 KBytes free for stack + heap.
Info: Creating ubuntu_controller.objdump
nios2-elf-objdump --disassemble --syms --all-header --source ubuntu_controller.elf >ubuntu_controller.objdump
[ubuntu_controller build complete]
17:06:18 **** Incremental Build of configuration Nios II for project ubuntu_controller_bsp ****
make all 
[BSP build complete]
17:08:03 **** Incremental Build of configuration Nios II for project ubuntu_controller ****
make all 
Info: Building ../ubuntu_controller_bsp/
make --no-print-directory -C ../ubuntu_controller_bsp/
[BSP build complete]
Info: Compiling hello_world.c to obj/default/hello_world.o
nios2-elf-gcc -xc -MP -MMD -c -I../ubuntu_controller_bsp//HAL/inc -I../ubuntu_controller_bsp/ -I../ubuntu_controller_bsp//drivers/inc -pipe -D__hal__ -DALT_NO_INSTRUCTION_EMULATION -DALT_SINGLE_THREADED    -O0 -g -Wall  -mno-hw-div -mno-hw-mul -mno-hw-mulx -mgpopt=global  -o obj/default/hello_world.o hello_world.c
Info: Linking ubuntu_controller.elf
nios2-elf-g++ -T'../ubuntu_controller_bsp//linker.x' -msys-crt0='../ubuntu_controller_bsp//obj/HAL/src/crt0.o' -msys-lib=hal_bsp -L../ubuntu_controller_bsp/   -Wl,-Map=ubuntu_controller.map   -O0 -g -Wall  -mno-hw-div -mno-hw-mul -mno-hw-mulx -mgpopt=global  -o ubuntu_controller.elf obj/default/hello_world.o -lm -msys-lib=m
nios2-elf-insert ubuntu_controller.elf --thread_model hal --cpu_name cpu --qsys true --simulation_enabled false --id 3149642683 --sidp 0x410a0 --timestamp 1679501745 --stderr_dev jtag_uart --stdin_dev jtag_uart --stdout_dev jtag_uart --sopc_system_name nios_controller_final --quartus_project_dir "/home/nik/eie/ip/information-not-processing/Eclipse" --sopcinfo /home/nik/eie/ip/information-not-processing/Eclipse/ubuntu_controller_bsp/../nios_controller_final.sopcinfo
Picked up JAVA_TOOL_OPTIONS: -Dsun.java2d.uiScale=2
Info: (ubuntu_controller.elf) 87 KBytes program size (code + initialized data).
Info:                         33 KBytes free for stack + heap.
Info: Creating ubuntu_controller.objdump
nios2-elf-objdump --disassemble --syms --all-header --source ubuntu_controller.elf >ubuntu_controller.objdump
[ubuntu_controller build complete]
17:08:05 **** Incremental Build of configuration Nios II for project ubuntu_controller_bsp ****
make all 
[BSP build complete]
17:15:36 **** Build of configuration Nios II for project ubuntu_controller ****
make all 
Info: Building ../ubuntu_controller_bsp/
make --no-print-directory -C ../ubuntu_controller_bsp/
[BSP build complete]
[ubuntu_controller build complete]
17:15:38 **** Build of configuration Nios II for project ubuntu_controller_bsp ****
make all 
[BSP build complete]
19:34:47 **** Incremental Build of configuration Nios II for project ubuntu_controller ****
make all 
Info: Building ../ubuntu_controller_bsp/
make --no-print-directory -C ../ubuntu_controller_bsp/
[BSP build complete]
Info: Compiling hello_world.c to obj/default/hello_world.o
nios2-elf-gcc -xc -MP -MMD -c -I../ubuntu_controller_bsp//HAL/inc -I../ubuntu_controller_bsp/ -I../ubuntu_controller_bsp//drivers/inc -pipe -D__hal__ -DALT_NO_INSTRUCTION_EMULATION -DALT_SINGLE_THREADED    -O0 -g -Wall  -mno-hw-div -mno-hw-mul -mno-hw-mulx -mgpopt=global  -o obj/default/hello_world.o hello_world.c
Info: Linking ubuntu_controller.elf
nios2-elf-g++ -T'../ubuntu_controller_bsp//linker.x' -msys-crt0='../ubuntu_controller_bsp//obj/HAL/src/crt0.o' -msys-lib=hal_bsp -L../ubuntu_controller_bsp/   -Wl,-Map=ubuntu_controller.map   -O0 -g -Wall  -mno-hw-div -mno-hw-mul -mno-hw-mulx -mgpopt=global  -o ubuntu_controller.elf obj/default/hello_world.o -lm -msys-lib=m
nios2-elf-insert ubuntu_controller.elf --thread_model hal --cpu_name cpu --qsys true --simulation_enabled false --id 3149642683 --sidp 0x410a0 --timestamp 1679501745 --stderr_dev jtag_uart --stdin_dev jtag_uart --stdout_dev jtag_uart --sopc_system_name nios_controller_final --quartus_project_dir "/home/nik/eie/ip/information-not-processing/Eclipse" --sopcinfo /home/nik/eie/ip/information-not-processing/Eclipse/ubuntu_controller_bsp/../nios_controller_final.sopcinfo
Picked up JAVA_TOOL_OPTIONS: -Dsun.java2d.uiScale=2
Info: (ubuntu_controller.elf) 87 KBytes program size (code + initialized data).
Info:                         33 KBytes free for stack + heap.
Info: Creating ubuntu_controller.objdump
nios2-elf-objdump --disassemble --syms --all-header --source ubuntu_controller.elf >ubuntu_controller.objdump
[ubuntu_controller build complete]
19:34:50 **** Incremental Build of configuration Nios II for project ubuntu_controller_bsp ****
make all 
[BSP build complete]
19:37:50 **** Build of configuration Nios II for project ubuntu_controller ****
make all 
Info: Building ../ubuntu_controller_bsp/
make --no-print-directory -C ../ubuntu_controller_bsp/
[BSP build complete]
[ubuntu_controller build complete]
19:37:52 **** Build of configuration Nios II for project ubuntu_controller_bsp ****
make all 
[BSP build complete]
19:38:15 **** Incremental Build of configuration Nios II for project ubuntu_controller ****
make all 
Info: Building ../ubuntu_controller_bsp/
make --no-print-directory -C ../ubuntu_controller_bsp/
[BSP build complete]
Info: Compiling hello_world.c to obj/default/hello_world.o
nios2-elf-gcc -xc -MP -MMD -c -I../ubuntu_controller_bsp//HAL/inc -I../ubuntu_controller_bsp/ -I../ubuntu_controller_bsp//drivers/inc -pipe -D__hal__ -DALT_NO_INSTRUCTION_EMULATION -DALT_SINGLE_THREADED    -O0 -g -Wall  -mno-hw-div -mno-hw-mul -mno-hw-mulx -mgpopt=global  -o obj/default/hello_world.o hello_world.c
Info: Linking ubuntu_controller.elf
nios2-elf-g++ -T'../ubuntu_controller_bsp//linker.x' -msys-crt0='../ubuntu_controller_bsp//obj/HAL/src/crt0.o' -msys-lib=hal_bsp -L../ubuntu_controller_bsp/   -Wl,-Map=ubuntu_controller.map   -O0 -g -Wall  -mno-hw-div -mno-hw-mul -mno-hw-mulx -mgpopt=global  -o ubuntu_controller.elf obj/default/hello_world.o -lm -msys-lib=m
nios2-elf-insert ubuntu_controller.elf --thread_model hal --cpu_name cpu --qsys true --simulation_enabled false --id 3149642683 --sidp 0x410a0 --timestamp 1679501745 --stderr_dev jtag_uart --stdin_dev jtag_uart --stdout_dev jtag_uart --sopc_system_name nios_controller_final --quartus_project_dir "/home/nik/eie/ip/information-not-processing/Eclipse" --sopcinfo /home/nik/eie/ip/information-not-processing/Eclipse/ubuntu_controller_bsp/../nios_controller_final.sopcinfo
Picked up JAVA_TOOL_OPTIONS: -Dsun.java2d.uiScale=2
Info: (ubuntu_controller.elf) 87 KBytes program size (code + initialized data).
Info:                         33 KBytes free for stack + heap.
Info: Creating ubuntu_controller.objdump
nios2-elf-objdump --disassemble --syms --all-header --source ubuntu_controller.elf >ubuntu_controller.objdump
[ubuntu_controller build complete]
19:38:17 **** Incremental Build of configuration Nios II for project ubuntu_controller_bsp ****
make all 
[BSP build complete]
19:38:30 **** Incremental Build of configuration Nios II for project ubuntu_controller ****
make all 
Info: Building ../ubuntu_controller_bsp/
make --no-print-directory -C ../ubuntu_controller_bsp/
[BSP build complete]
[ubuntu_controller build complete]
19:38:32 **** Incremental Build of configuration Nios II for project ubuntu_controller_bsp ****
make all 
[BSP build complete]
19:39:39 **** Incremental Build of configuration Nios II for project ubuntu_controller ****
make all 
Info: Building ../ubuntu_controller_bsp/
make --no-print-directory -C ../ubuntu_controller_bsp/
[BSP build complete]
Info: Compiling hello_world.c to obj/default/hello_world.o
nios2-elf-gcc -xc -MP -MMD -c -I../ubuntu_controller_bsp//HAL/inc -I../ubuntu_controller_bsp/ -I../ubuntu_controller_bsp//drivers/inc -pipe -D__hal__ -DALT_NO_INSTRUCTION_EMULATION -DALT_SINGLE_THREADED    -O0 -g -Wall  -mno-hw-div -mno-hw-mul -mno-hw-mulx -mgpopt=global  -o obj/default/hello_world.o hello_world.c
Info: Linking ubuntu_controller.elf
nios2-elf-g++ -T'../ubuntu_controller_bsp//linker.x' -msys-crt0='../ubuntu_controller_bsp//obj/HAL/src/crt0.o' -msys-lib=hal_bsp -L../ubuntu_controller_bsp/   -Wl,-Map=ubuntu_controller.map   -O0 -g -Wall  -mno-hw-div -mno-hw-mul -mno-hw-mulx -mgpopt=global  -o ubuntu_controller.elf obj/default/hello_world.o -lm -msys-lib=m
nios2-elf-insert ubuntu_controller.elf --thread_model hal --cpu_name cpu --qsys true --simulation_enabled false --id 3149642683 --sidp 0x410a0 --timestamp 1679501745 --stderr_dev jtag_uart --stdin_dev jtag_uart --stdout_dev jtag_uart --sopc_system_name nios_controller_final --quartus_project_dir "/home/nik/eie/ip/information-not-processing/Eclipse" --sopcinfo /home/nik/eie/ip/information-not-processing/Eclipse/ubuntu_controller_bsp/../nios_controller_final.sopcinfo
Picked up JAVA_TOOL_OPTIONS: -Dsun.java2d.uiScale=2
Info: (ubuntu_controller.elf) 87 KBytes program size (code + initialized data).
Info:                         33 KBytes free for stack + heap.
Info: Creating ubuntu_controller.objdump
nios2-elf-objdump --disassemble --syms --all-header --source ubuntu_controller.elf >ubuntu_controller.objdump
[ubuntu_controller build complete]
19:39:41 **** Incremental Build of configuration Nios II for project ubuntu_controller_bsp ****
make all 
[BSP build complete]
